<?xml version="1.0" encoding="UTF-8"?>
<robot generator="Robot 3.1.2 (Python 3.7.4 on win32)" generated="20190713 22:07:14.122" rpa="false">
<suite id="s1" name="Singuptest" source="C:\Repozytoria\Tests\homework\singuptest.robot">
<kw name="OpenPage" library="Keywords" type="setup">
<kw name="Open Browser" library="SeleniumLibrary">
<doc>Opens a new browser instance to the given ``url``.</doc>
<arguments>
<arg>${URL}</arg>
<arg>${BROWSER}</arg>
</arguments>
<msg timestamp="20190713 22:07:14.331" level="INFO">Opening browser 'Chrome' to base url 'https://promo.com/'.</msg>
<status status="PASS" starttime="20190713 22:07:14.331" endtime="20190713 22:07:24.172"></status>
</kw>
<status status="PASS" starttime="20190713 22:07:14.330" endtime="20190713 22:07:24.173"></status>
</kw>
<test id="s1-t1" name="PressSignUpButton">
<kw name="PressSignUp" library="Keywords">
<kw name="Wait Until Element Is Visible" library="SeleniumLibrary">
<doc>Waits until element ``locator`` is visible.</doc>
<arguments>
<arg>xpath=${SignUp}</arg>
</arguments>
<status status="PASS" starttime="20190713 22:07:24.174" endtime="20190713 22:07:24.432"></status>
</kw>
<kw name="Click Element" library="SeleniumLibrary">
<doc>Click element identified by ``locator``.</doc>
<arguments>
<arg>xpath=${SignUp}</arg>
</arguments>
<msg timestamp="20190713 22:07:24.433" level="INFO">Clicking element 'xpath=//div[text()="Sign Up"]'.</msg>
<status status="PASS" starttime="20190713 22:07:24.432" endtime="20190713 22:07:25.743"></status>
</kw>
<status status="PASS" starttime="20190713 22:07:24.173" endtime="20190713 22:07:25.744"></status>
</kw>
<status status="PASS" starttime="20190713 22:07:24.173" endtime="20190713 22:07:25.745" critical="yes"></status>
</test>
<test id="s1-t2" name="EnterName">
<kw name="EnterName" library="Keywords">
<kw name="Select Frame" library="SeleniumLibrary">
<doc>Sets frame identified by ``locator`` as the current frame.</doc>
<arguments>
<arg>xpath=${Frame}</arg>
</arguments>
<msg timestamp="20190713 22:07:25.749" level="INFO">Selecting frame 'xpath=//div[@class="login-dialog"]/iframe'.</msg>
<status status="PASS" starttime="20190713 22:07:25.748" endtime="20190713 22:07:25.821"></status>
</kw>
<kw name="Input Text" library="SeleniumLibrary">
<doc>Types the given ``text`` into text field identified by ``locator``.</doc>
<arguments>
<arg>xpath=${FullName}</arg>
<arg>${UserNameInput}</arg>
</arguments>
<msg timestamp="20190713 22:07:25.822" level="INFO">Typing text 'TestUser' into text field 'xpath=//input[@id="sui-full-name"]'.</msg>
<status status="PASS" starttime="20190713 22:07:25.821" endtime="20190713 22:07:25.966"></status>
</kw>
<status status="PASS" starttime="20190713 22:07:25.748" endtime="20190713 22:07:25.966"></status>
</kw>
<status status="PASS" starttime="20190713 22:07:25.747" endtime="20190713 22:07:25.967" critical="yes"></status>
</test>
<test id="s1-t3" name="EnterEmail">
<kw name="EnterEmail" library="Keywords">
<kw name="Input Text" library="SeleniumLibrary">
<doc>Types the given ``text`` into text field identified by ``locator``.</doc>
<arguments>
<arg>xpath=${Email}</arg>
<arg>${EmailInput}</arg>
</arguments>
<msg timestamp="20190713 22:07:25.970" level="INFO">Typing text 'lesiutbg@op.pl' into text field 'xpath=//input[@id="sui-email"]'.</msg>
<status status="PASS" starttime="20190713 22:07:25.969" endtime="20190713 22:07:26.107"></status>
</kw>
<status status="PASS" starttime="20190713 22:07:25.969" endtime="20190713 22:07:26.108"></status>
</kw>
<status status="PASS" starttime="20190713 22:07:25.968" endtime="20190713 22:07:26.108" critical="yes"></status>
</test>
<test id="s1-t4" name="EnterPassword">
<kw name="EnterPassword" library="Keywords">
<kw name="Input Text" library="SeleniumLibrary">
<doc>Types the given ``text`` into text field identified by ``locator``.</doc>
<arguments>
<arg>xpath=${Pass}</arg>
<arg>${PasswordInput}</arg>
</arguments>
<msg timestamp="20190713 22:07:26.110" level="INFO">Typing text 'TestUser123456' into text field 'xpath=//input[@id="sui-password"]'.</msg>
<status status="PASS" starttime="20190713 22:07:26.110" endtime="20190713 22:07:26.276"></status>
</kw>
<status status="PASS" starttime="20190713 22:07:26.109" endtime="20190713 22:07:26.276"></status>
</kw>
<status status="PASS" starttime="20190713 22:07:26.109" endtime="20190713 22:07:26.277" critical="yes"></status>
</test>
<test id="s1-t5" name="PressSingUpToEnd">
<kw name="PressSignUpToEnd" library="Keywords">
<kw name="Click Element" library="SeleniumLibrary">
<doc>Click element identified by ``locator``.</doc>
<arguments>
<arg>xpath=${Singup2}</arg>
</arguments>
<msg timestamp="20190713 22:07:26.283" level="INFO">Clicking element 'xpath=//input[@type="submit"]'.</msg>
<status status="PASS" starttime="20190713 22:07:26.282" endtime="20190713 22:07:26.904"></status>
</kw>
<status status="PASS" starttime="20190713 22:07:26.280" endtime="20190713 22:07:26.905"></status>
</kw>
<status status="PASS" starttime="20190713 22:07:26.279" endtime="20190713 22:07:26.905" critical="yes"></status>
</test>
<kw name="Close Browser" library="SeleniumLibrary" type="teardown">
<doc>Closes the current browser.</doc>
<status status="PASS" starttime="20190713 22:07:26.907" endtime="20190713 22:07:29.133"></status>
</kw>
<status status="PASS" starttime="20190713 22:07:14.124" endtime="20190713 22:07:29.133"></status>
</suite>
<statistics>
<total>
<stat pass="5" fail="0">Critical Tests</stat>
<stat pass="5" fail="0">All Tests</stat>
</total>
<tag>
</tag>
<suite>
<stat pass="5" fail="0" id="s1" name="Singuptest">Singuptest</stat>
</suite>
</statistics>
<errors>
</errors>
</robot>
